<?xml version="1.0" encoding="UTF-8"?>
<testsuite name="EtlTest" tests="4" skipped="0" failures="0" errors="0" timestamp="2017-01-23T22:36:25" hostname="mac-venn-186.local" time="0.152">
  <properties/>
  <testcase name="testTransformOneValue" classname="EtlTest" time="0.141"/>
  <testcase name="testTransformMoreValues" classname="EtlTest" time="0.001"/>
  <testcase name="testFullDataset" classname="EtlTest" time="0.003"/>
  <testcase name="testMoreKeys" classname="EtlTest" time="0.001"/>
  <system-out><![CDATA[]]></system-out>
  <system-err><![CDATA[]]></system-err>
</testsuite>
